<?xml version="1.0" encoding="UTF-8"?>
<!-- Generated by org.testng.reporters.JUnitXMLReporter -->
<testsuite hostname="admin-PC" ignored="0" name="Default test" tests="3" failures="0" timestamp="21 Apr 2020 06:42:34 GMT" time="127.388" errors="0">
  <testcase name="runTestOnDocker" time="42.961" classname="DropDown.TestDdAscOrder"/>
  <testcase name="dropDown" time="38.14" classname="DropDown.TestDdDuplicates"/>
  <testcase name="allOptions" time="46.208" classname="DropDown.TestDdAllOptions"/>
</testsuite> <!-- Default test -->
